# JRE version: Java(TM) SE Runtime Environment (8.0_181-b13) (build 1.8.0_181-b13)
# Java VM: Java HotSpot(TM) 64-Bit Server VM (25.181-b13 mixed mode linux-amd64 compressed oops)
Heap:
 PSYoungGen      total 115200K, used 79572K [0x00000000dc000000, 0x00000000e3500000, 0x0000000100000000)
  eden space 110592K, 67% used [0x00000000dc000000,0x00000000e09392e8,0x00000000e2c00000)
  from space 4608K, 99% used [0x00000000e3080000,0x00000000e34fc030,0x00000000e3500000)
  to   space 4608K, 99% used [0x00000000e2c00000,0x00000000e3079c70,0x00000000e3080000)
 ParOldGen       total 73728K, used 10042K [0x0000000094000000, 0x0000000098800000, 0x00000000dc000000)
  object space 73728K, 13% used [0x0000000094000000,0x00000000949ce958,0x0000000098800000)
 Metaspace       used 20451K, capacity 21044K, committed 21296K, reserved 1069056K
  class space    used 2393K, capacity 2571K, committed 2688K, reserved 1048576K
GC Heap History (9 events):
Event: 0.657 GC heap before
{Heap before GC invocations=1 (full 0):
 PSYoungGen      total 32256K, used 27648K [0x00000000dc000000, 0x00000000de400000, 0x0000000100000000)
  eden space 27648K, 100% used [0x00000000dc000000,0x00000000ddb00000,0x00000000ddb00000)
  from space 4608K, 0% used [0x00000000ddf80000,0x00000000ddf80000,0x00000000de400000)
  to   space 4608K, 0% used [0x00000000ddb00000,0x00000000ddb00000,0x00000000ddf80000)
 ParOldGen       total 73728K, used 0K [0x0000000094000000, 0x0000000098800000, 0x00000000dc000000)
  object space 73728K, 0% used [0x0000000094000000,0x0000000094000000,0x0000000098800000)
 Metaspace       used 7777K, capacity 7932K, committed 8064K, reserved 1056768K
  class space    used 975K, capacity 1048K, committed 1152K, reserved 1048576K
Event: 0.665 GC heap after
Heap after GC invocations=1 (full 0):
 PSYoungGen      total 32256K, used 4598K [0x00000000dc000000, 0x00000000dff00000, 0x0000000100000000)
  eden space 27648K, 0% used [0x00000000dc000000,0x00000000dc000000,0x00000000ddb00000)
  from space 4608K, 99% used [0x00000000ddb00000,0x00000000ddf7dbd0,0x00000000ddf80000)
  to   space 4608K, 0% used [0x00000000dfa80000,0x00000000dfa80000,0x00000000dff00000)
 ParOldGen       total 73728K, used 16K [0x0000000094000000, 0x0000000098800000, 0x00000000dc000000)
  object space 73728K, 0% used [0x0000000094000000,0x0000000094004000,0x0000000098800000)
 Metaspace       used 7777K, capacity 7932K, committed 8064K, reserved 1056768K
  class space    used 975K, capacity 1048K, committed 1152K, reserved 1048576K
}
Event: 1.043 GC heap before
{Heap before GC invocations=2 (full 0):
 PSYoungGen      total 32256K, used 32246K [0x00000000dc000000, 0x00000000dff00000, 0x0000000100000000)
  eden space 27648K, 100% used [0x00000000dc000000,0x00000000ddb00000,0x00000000ddb00000)
  from space 4608K, 99% used [0x00000000ddb00000,0x00000000ddf7dbd0,0x00000000ddf80000)
  to   space 4608K, 0% used [0x00000000dfa80000,0x00000000dfa80000,0x00000000dff00000)
 ParOldGen       total 73728K, used 16K [0x0000000094000000, 0x0000000098800000, 0x00000000dc000000)
  object space 73728K, 0% used [0x0000000094000000,0x0000000094004000,0x0000000098800000)
 Metaspace       used 11153K, capacity 11330K, committed 11520K, reserved 1058816K
  class space    used 1402K, capacity 1475K, committed 1536K, reserved 1048576K
Event: 1.052 GC heap after
Heap after GC invocations=2 (full 0):
 PSYoungGen      total 59904K, used 4600K [0x00000000dc000000, 0x00000000dff00000, 0x0000000100000000)
  eden space 55296K, 0% used [0x00000000dc000000,0x00000000dc000000,0x00000000df600000)
  from space 4608K, 99% used [0x00000000dfa80000,0x00000000dfefe160,0x00000000dff00000)
  to   space 4608K, 0% used [0x00000000df600000,0x00000000df600000,0x00000000dfa80000)
 ParOldGen       total 73728K, used 1771K [0x0000000094000000, 0x0000000098800000, 0x00000000dc000000)
  object space 73728K, 2% used [0x0000000094000000,0x00000000941bad10,0x0000000098800000)
 Metaspace       used 11153K, capacity 11330K, committed 11520K, reserved 1058816K
  class space    used 1402K, capacity 1475K, committed 1536K, reserved 1048576K
}
Event: 2.209 GC heap before
{Heap before GC invocations=3 (full 0):
 PSYoungGen      total 59904K, used 59896K [0x00000000dc000000, 0x00000000dff00000, 0x0000000100000000)
  eden space 55296K, 100% used [0x00000000dc000000,0x00000000df600000,0x00000000df600000)
  from space 4608K, 99% used [0x00000000dfa80000,0x00000000dfefe160,0x00000000dff00000)
  to   space 4608K, 0% used [0x00000000df600000,0x00000000df600000,0x00000000dfa80000)
 ParOldGen       total 73728K, used 1771K [0x0000000094000000, 0x0000000098800000, 0x00000000dc000000)
  object space 73728K, 2% used [0x0000000094000000,0x00000000941bad10,0x0000000098800000)
 Metaspace       used 16265K, capacity 16548K, committed 16768K, reserved 1064960K
  class space    used 1980K, capacity 2068K, committed 2176K, reserved 1048576K
Event: 2.224 GC heap after
Heap after GC invocations=3 (full 0):
 PSYoungGen      total 59904K, used 4576K [0x00000000dc000000, 0x00000000e3500000, 0x0000000100000000)
  eden space 55296K, 0% used [0x00000000dc000000,0x00000000dc000000,0x00000000df600000)
  from space 4608K, 99% used [0x00000000df600000,0x00000000dfa78020,0x00000000dfa80000)
  to   space 4608K, 0% used [0x00000000e3080000,0x00000000e3080000,0x00000000e3500000)
 ParOldGen       total 73728K, used 5167K [0x0000000094000000, 0x0000000098800000, 0x00000000dc000000)
  object space 73728K, 7% used [0x0000000094000000,0x000000009450be10,0x0000000098800000)
 Metaspace       used 16265K, capacity 16548K, committed 16768K, reserved 1064960K
  class space    used 1980K, capacity 2068K, committed 2176K, reserved 1048576K
}
Event: 2.855 GC heap before
{Heap before GC invocations=4 (full 0):
 PSYoungGen      total 59904K, used 59872K [0x00000000dc000000, 0x00000000e3500000, 0x0000000100000000)
  eden space 55296K, 100% used [0x00000000dc000000,0x00000000df600000,0x00000000df600000)
  from space 4608K, 99% used [0x00000000df600000,0x00000000dfa78020,0x00000000dfa80000)
  to   space 4608K, 0% used [0x00000000e3080000,0x00000000e3080000,0x00000000e3500000)
 ParOldGen       total 73728K, used 5167K [0x0000000094000000, 0x0000000098800000, 0x00000000dc000000)
  object space 73728K, 7% used [0x0000000094000000,0x000000009450be10,0x0000000098800000)
 Metaspace       used 17670K, capacity 18058K, committed 18432K, reserved 1064960K
  class space    used 2112K, capacity 2224K, committed 2304K, reserved 1048576K
Event: 2.873 GC heap after
Heap after GC invocations=4 (full 0):
 PSYoungGen      total 115200K, used 4592K [0x00000000dc000000, 0x00000000e3500000, 0x0000000100000000)
  eden space 110592K, 0% used [0x00000000dc000000,0x00000000dc000000,0x00000000e2c00000)
  from space 4608K, 99% used [0x00000000e3080000,0x00000000e34fc030,0x00000000e3500000)
  to   space 4608K, 0% used [0x00000000e2c00000,0x00000000e2c00000,0x00000000e3080000)
 ParOldGen       total 73728K, used 8717K [0x0000000094000000, 0x0000000098800000, 0x00000000dc000000)
  object space 73728K, 11% used [0x0000000094000000,0x00000000948835c0,0x0000000098800000)
 Metaspace       used 17670K, capacity 18058K, committed 18432K, reserved 1064960K
  class space    used 2112K, capacity 2224K, committed 2304K, reserved 1048576K
}
Event: 19.765 GC heap before
{Heap before GC invocations=5 (full 0):
 PSYoungGen      total 115200K, used 79572K [0x00000000dc000000, 0x00000000e3500000, 0x0000000100000000)
  eden space 110592K, 67% used [0x00000000dc000000,0x00000000e09392e8,0x00000000e2c00000)
  from space 4608K, 99% used [0x00000000e3080000,0x00000000e34fc030,0x00000000e3500000)
  to   space 4608K, 0% used [0x00000000e2c00000,0x00000000e2c00000,0x00000000e3080000)
 ParOldGen       total 73728K, used 8717K [0x0000000094000000, 0x0000000098800000, 0x00000000dc000000)
  object space 73728K, 11% used [0x0000000094000000,0x00000000948835c0,0x0000000098800000)
 Metaspace       used 20451K, capacity 21044K, committed 21296K, reserved 1069056K
  class space    used 2393K, capacity 2571K, committed 2688K, reserved 1048576K

